<?xml version="1.0" encoding="UTF-8"?>
<!-- Generated by org.testng.reporters.JUnitReportReporter -->
<testsuite hostname="Gagan" failures="0" tests="1" name="runner.CucumberRunner" time="11.601" errors="0" timestamp="2024-07-04T13:27:52 IST" skipped="0">
  <testcase classname="runner.CucumberRunner" name="runScenario" time="11.601"/>
</testsuite> <!-- runner.CucumberRunner -->
